#
# There is insufficient memory for the Java Runtime Environment to continue.
# Native memory allocation (mmap) failed to map 199229440 bytes for G1 virtual space
# Possible reasons:
#   The system is out of physical RAM or swap space
#   The process is running with CompressedOops enabled, and the Java Heap may be blocking the growth of the native heap
# Possible solutions:
#   Reduce memory load on the system
#   Increase physical memory or swap space
#   Check if swap backing store is full
#   Decrease Java heap size (-Xmx/-Xms)
#   Decrease number of Java threads
#   Decrease Java thread stack sizes (-Xss)
#   Set larger code cache with -XX:ReservedCodeCacheSize=
#   JVM is running with Zero Based Compressed Oops mode in which the Java heap is
#     placed in the first 32GB address space. The Java Heap base address is the
#     maximum limit for the native heap growth. Please use -XX:HeapBaseMinAddress
#     to set the Java Heap base and to place the Java Heap above 32GB virtual address.
# This output file may be truncated or incomplete.
#
#  Out of Memory Error (os_windows.cpp:3528), pid=10644, tid=9260
#
# JRE version:  (20.0+36) (build )
# Java VM: Java HotSpot(TM) 64-Bit Server VM (20+36-2344, mixed mode, sharing, tiered, compressed oops, compressed class ptrs, g1 gc, windows-amd64)
# No core dump will be written. Minidumps are not enabled by default on client versions of Windows
#

---------------  S U M M A R Y ------------

Command Line: -javaagent:C:\Program Files\JetBrains\IntelliJ IDEA 2023.2\lib\idea_rt.jar=51744:C:\Program Files\JetBrains\IntelliJ IDEA 2023.2\bin -Dfile.encoding=UTF-8 -Dsun.stdout.encoding=UTF-8 -Dsun.stderr.encoding=UTF-8 --module-path=C:\Users\wasiq\.m2\repository\org\openjfx\javafx-base\20\javafx-base-20-win.jar;C:\Users\wasiq\.m2\repository\org\openjfx\javafx-fxml\20\javafx-fxml-20-win.jar;C:\Users\wasiq\.m2\repository\org\controlsfx\controlsfx\11.1.2\controlsfx-11.1.2.jar;C:\Users\wasiq\.m2\repository\org\openjfx\javafx-graphics\20\javafx-graphics-20-win.jar;C:\Users\wasiq\OneDrive\Desktop\Software engineering 1\Project code\SE\target\classes;C:\Users\wasiq\.m2\repository\org\openjfx\javafx-controls\20\javafx-controls-20-win.jar -Djdk.module.main=se.se se.se/controllers.Application

Host: Intel(R) Core(TM) i5-1035G1 CPU @ 1.00GHz, 8 cores, 11G,  Windows 11 , 64 bit Build 22621 (10.0.22621.2506)
Time: Tue Jan 30 18:18:35 2024 Iran Standard Time elapsed time: 0.028244 seconds (0d 0h 0m 0s)

---------------  T H R E A D  ---------------

Current thread (0x000002c2fd7130d0):  JavaThread "Unknown thread" [_thread_in_vm, id=9260, stack(0x000000c9f4800000,0x000000c9f4900000)]

Stack: [0x000000c9f4800000,0x000000c9f4900000]
Native frames: (J=compiled Java code, j=interpreted, Vv=VM code, C=native code)
V  [jvm.dll+0x6bb95a]
V  [jvm.dll+0x8483aa]
V  [jvm.dll+0x849fa5]
V  [jvm.dll+0x84a6a3]
V  [jvm.dll+0x280b0f]
V  [jvm.dll+0x6b86e9]
V  [jvm.dll+0x6ad2da]
V  [jvm.dll+0x35adf5]
V  [jvm.dll+0x363016]
V  [jvm.dll+0x3b3b3e]
V  [jvm.dll+0x3b3dc5]
V  [jvm.dll+0x32b50a]
V  [jvm.dll+0x32c32b]
V  [jvm.dll+0x81106f]
V  [jvm.dll+0x3c0d91]
V  [jvm.dll+0x7fcd93]
V  [jvm.dll+0x44c76f]
V  [jvm.dll+0x44e0e1]
C  [jli.dll+0x5287]
C  [ucrtbase.dll+0x29363]
C  [KERNEL32.DLL+0x1257d]
C  [ntdll.dll+0x5aa58]


---------------  P R O C E S S  ---------------

Threads class SMR info:
_java_thread_list=0x00007ffcd09ca098, length=0, elements={
}

Java Threads: ( => current thread )

Other Threads:
  0x000002c2fd771840 WorkerThread "GC Thread#0" [stack: 0x000000c9f4900000,0x000000c9f4a00000] [id=13196]
  0x000002c2fd77e540 ConcurrentGCThread "G1 Main Marker" [stack: 0x000000c9f4a00000,0x000000c9f4b00000] [id=3028]
  0x000002c2fd77ef70 WorkerThread "G1 Conc#0" [stack: 0x000000c9f4b00000,0x000000c9f4c00000] [id=19176]

[error occurred during error reporting (printing all threads), id 0xc0000005, EXCEPTION_ACCESS_VIOLATION (0xc0000005) at pc=0x00007ffcd01aeb47]
VM state: not at safepoint (not fully initialized)

VM Mutex/Monitor currently owned by a thread:  ([mutex/lock_event])
[0x000002c2fd70e1e0] Heap_lock - owner thread: 0x000002c2fd7130d0

Heap address: 0x0000000743a00000, size: 3014 MB, Compressed Oops mode: Zero based, Oop shift amount: 3

CDS archive(s) mapped at: [0x0000000000000000-0x0000000000000000-0x0000000000000000), size 0, SharedBaseAddress: 0x0000000800000000, ArchiveRelocationMode: 0.
Narrow klass base: 0x0000000000000000, Narrow klass shift: 0, Narrow klass range: 0x0

GC Precious Log:
 CardTable entry size: 512
 Card Set container configuration: InlinePtr #cards 4 size 8 Array Of Cards #cards 16 size 48 Howl #buckets 8 coarsen threshold 3686 Howl Bitmap #cards 512 size 80 coarsen threshold 460 Card regions per heap region 1 cards per card region 4096

Heap:
 garbage-first heap   total 0K, used 0K [0x0000000743a00000, 0x0000000800000000)
  region size 2048K, 0 young (0K), 0 survivors (0K)

[error occurred during error reporting (printing heap information), id 0xc0000005, EXCEPTION_ACCESS_VIOLATION (0xc0000005) at pc=0x00007ffcd0583c59]
GC Heap History (0 events):
No events

Dll operation events (1 events):
Event: 0.016 Loaded shared library C:\Program Files\Java\jdk-20\bin\java.dll

Deoptimization events (0 events):
No events

Classes loaded (0 events):
No events

Classes unloaded (0 events):
No events

Classes redefined (0 events):
No events

Internal exceptions (0 events):
No events

VM Operations (0 events):
No events

Events (0 events):
No events


Dynamic libraries:
0x00007ff76bc40000 - 0x00007ff76bc50000 	C:\Program Files\Java\jdk-20\bin\java.exe
0x00007ffd3a0d0000 - 0x00007ffd3a2e7000 	C:\WINDOWS\SYSTEM32\ntdll.dll
0x00007ffd387c0000 - 0x00007ffd38884000 	C:\WINDOWS\System32\KERNEL32.DLL
0x00007ffd379b0000 - 0x00007ffd37d56000 	C:\WINDOWS\System32\KERNELBASE.dll
0x00007ffd37410000 - 0x00007ffd37521000 	C:\WINDOWS\System32\ucrtbase.dll
0x00007ffd18710000 - 0x00007ffd1872b000 	C:\Program Files\Java\jdk-20\bin\VCRUNTIME140.dll
0x00007ffd19e60000 - 0x00007ffd19e79000 	C:\Program Files\Java\jdk-20\bin\jli.dll
0x00007ffd39410000 - 0x00007ffd394c3000 	C:\WINDOWS\System32\ADVAPI32.dll
0x00007ffd38db0000 - 0x00007ffd38e57000 	C:\WINDOWS\System32\msvcrt.dll
0x00007ffd39340000 - 0x00007ffd393e8000 	C:\WINDOWS\System32\sechost.dll
0x00007ffd37900000 - 0x00007ffd37928000 	C:\WINDOWS\System32\bcrypt.dll
0x00007ffd394d0000 - 0x00007ffd395e7000 	C:\WINDOWS\System32\RPCRT4.dll
0x00007ffd39ee0000 - 0x00007ffd3a08e000 	C:\WINDOWS\System32\USER32.dll
0x00007ffd378d0000 - 0x00007ffd378f6000 	C:\WINDOWS\System32\win32u.dll
0x00007ffd38c20000 - 0x00007ffd38c49000 	C:\WINDOWS\System32\GDI32.dll
0x00007ffd1b3c0000 - 0x00007ffd1b653000 	C:\WINDOWS\WinSxS\amd64_microsoft.windows.common-controls_6595b64144ccf1df_6.0.22621.2506_none_270c5ae97388e100\COMCTL32.dll
0x00007ffd377b0000 - 0x00007ffd378c8000 	C:\WINDOWS\System32\gdi32full.dll
0x00007ffd376a0000 - 0x00007ffd3773a000 	C:\WINDOWS\System32\msvcp_win.dll
0x00007ffd29960000 - 0x00007ffd2996a000 	C:\WINDOWS\SYSTEM32\VERSION.dll
0x00007ffd38e60000 - 0x00007ffd38e91000 	C:\WINDOWS\System32\IMM32.DLL
0x00007ffd20790000 - 0x00007ffd2079c000 	C:\Program Files\Java\jdk-20\bin\vcruntime140_1.dll
0x00007ffcf83a0000 - 0x00007ffcf842e000 	C:\Program Files\Java\jdk-20\bin\msvcp140.dll
0x00007ffccfe70000 - 0x00007ffcd0b07000 	C:\Program Files\Java\jdk-20\bin\server\jvm.dll
0x00007ffd14150000 - 0x00007ffd14159000 	C:\WINDOWS\SYSTEM32\WSOCK32.dll
0x00007ffd2f850000 - 0x00007ffd2f884000 	C:\WINDOWS\SYSTEM32\WINMM.dll
0x00007ffd39210000 - 0x00007ffd39281000 	C:\WINDOWS\System32\WS2_32.dll
0x00007ffd36400000 - 0x00007ffd36418000 	C:\WINDOWS\SYSTEM32\kernel.appcore.dll
0x00007ffd1fc00000 - 0x00007ffd1fc0a000 	C:\Program Files\Java\jdk-20\bin\jimage.dll
0x00007ffd34cf0000 - 0x00007ffd34f23000 	C:\WINDOWS\SYSTEM32\DBGHELP.DLL
0x00007ffd38890000 - 0x00007ffd38c19000 	C:\WINDOWS\System32\combase.dll
0x00007ffd38250000 - 0x00007ffd38327000 	C:\WINDOWS\System32\OLEAUT32.dll
0x00007ffd1fb70000 - 0x00007ffd1fba2000 	C:\WINDOWS\SYSTEM32\dbgcore.DLL
0x00007ffd37930000 - 0x00007ffd379aa000 	C:\WINDOWS\System32\bcryptPrimitives.dll
0x00007ffd147b0000 - 0x00007ffd147be000 	C:\Program Files\Java\jdk-20\bin\instrument.dll
0x00007ffd186e0000 - 0x00007ffd18706000 	C:\Program Files\Java\jdk-20\bin\java.dll

dbghelp: loaded successfully - version: 4.0.5 - missing functions: none
symbol engine: initialized successfully - sym options: 0x614 - pdb path: .;C:\Program Files\Java\jdk-20\bin;C:\WINDOWS\SYSTEM32;C:\WINDOWS\WinSxS\amd64_microsoft.windows.common-controls_6595b64144ccf1df_6.0.22621.2506_none_270c5ae97388e100;C:\Program Files\Java\jdk-20\bin\server

VM Arguments:
jvm_args: -javaagent:C:\Program Files\JetBrains\IntelliJ IDEA 2023.2\lib\idea_rt.jar=51744:C:\Program Files\JetBrains\IntelliJ IDEA 2023.2\bin -Dfile.encoding=UTF-8 -Dsun.stdout.encoding=UTF-8 -Dsun.stderr.encoding=UTF-8 --module-path=C:\Users\wasiq\.m2\repository\org\openjfx\javafx-base\20\javafx-base-20-win.jar;C:\Users\wasiq\.m2\repository\org\openjfx\javafx-fxml\20\javafx-fxml-20-win.jar;C:\Users\wasiq\.m2\repository\org\controlsfx\controlsfx\11.1.2\controlsfx-11.1.2.jar;C:\Users\wasiq\.m2\repository\org\openjfx\javafx-graphics\20\javafx-graphics-20-win.jar;C:\Users\wasiq\OneDrive\Desktop\Software engineering 1\Project code\SE\target\classes;C:\Users\wasiq\.m2\repository\org\openjfx\javafx-controls\20\javafx-controls-20-win.jar -Djdk.module.main=se.se 
java_command: se.se/controllers.Application
java_class_path (initial): C:\Users\wasiq\.m2\repository\org\openjfx\javafx-controls\20\javafx-controls-20.jar;C:\Users\wasiq\.m2\repository\org\openjfx\javafx-graphics\20\javafx-graphics-20.jar;C:\Users\wasiq\.m2\repository\org\openjfx\javafx-base\20\javafx-base-20.jar;C:\Users\wasiq\.m2\repository\org\openjfx\javafx-fxml\20\javafx-fxml-20.jar;C:\Users\wasiq\.m2\repository\junit\junit\4.13.2\junit-4.13.2.jar;C:\Users\wasiq\.m2\repository\org\hamcrest\hamcrest-core\1.3\hamcrest-core-1.3.jar
Launcher Type: SUN_STANDARD

[Global flags]
     intx CICompilerCount                          = 4                                         {product} {ergonomic}
     uint ConcGCThreads                            = 2                                         {product} {ergonomic}
     uint G1ConcRefinementThreads                  = 8                                         {product} {ergonomic}
   size_t G1HeapRegionSize                         = 2097152                                   {product} {ergonomic}
    uintx GCDrainStackTargetSize                   = 64                                        {product} {ergonomic}
   size_t InitialHeapSize                          = 199229440                                 {product} {ergonomic}
   size_t MarkStackSize                            = 4194304                                   {product} {ergonomic}
   size_t MaxHeapSize                              = 3160408064                                {product} {ergonomic}
   size_t MinHeapDeltaBytes                        = 2097152                                   {product} {ergonomic}
   size_t MinHeapSize                              = 8388608                                   {product} {ergonomic}
    uintx NonNMethodCodeHeapSize                   = 5839372                                {pd product} {ergonomic}
    uintx NonProfiledCodeHeapSize                  = 122909434                              {pd product} {ergonomic}
    uintx ProfiledCodeHeapSize                     = 122909434                              {pd product} {ergonomic}
    uintx ReservedCodeCacheSize                    = 251658240                              {pd product} {ergonomic}
     bool SegmentedCodeCache                       = true                                      {product} {ergonomic}
   size_t SoftMaxHeapSize                          = 3160408064                             {manageable} {ergonomic}
     bool UseCompressedClassPointers               = true                           {product lp64_product} {ergonomic}
     bool UseCompressedOops                        = true                           {product lp64_product} {ergonomic}
     bool UseG1GC                                  = true                                      {product} {ergonomic}
     bool UseLargePagesIndividualAllocation        = false                                  {pd product} {ergonomic}

Logging:
Log output configuration:
 #0: stdout all=warning uptime,level,tags foldmultilines=false
 #1: stderr all=off uptime,level,tags foldmultilines=false

Environment Variables:
JAVA_HOME=C:\Program Files\Java\jdk-17.0.2
PATH=C:\ProgramData\Oracle\Java\javapath;C:\Program Files (x86)\VMware\VMware Workstation\bin\;C:\Program Files\Java\jdk-17.0.2\bin;C:\Program Files\Common Files\Oracle\Java\javapath;C:\Program Files (x86)\Common Files\Oracle\Java\javapath;C:\Program Files\CodeBlocks\MinGW\bin;C:\Program Files\Git\cmd;C:\Program Files\Microsoft VS Code\bin;C:\Program Files (x86)\Microsoft SQL Server\160\DTS\Binn\;C:\Program Files\Azure Data Studio\bin;C:\Program Files (x86)\Microsoft SQL Server\160\Tools\Binn\;C:\Program Files\Microsoft SQL Server\160\Tools\Binn\;C:\Program Files\Microsoft SQL Server\Client SDK\ODBC\170\Tools\Binn\;C:\Program Files\Microsoft SQL Server\160\DTS\Binn\;C:\WINDOWS\system32;C:\WINDOWS;C:\WINDOWS\System32\Wbem;C:\WINDOWS\System32\WindowsPowerShell\v1.0\;C:\WINDOWS\System32\OpenSSH\;C:\Program Files\Docker\Docker\resources\bin;C:\Users\wasiq\AppData\Local\Programs\Python\Python311\Scripts\;C:\Users\wasiq\AppData\Local\Programs\Python\Python311\;C:\Users\wasiq\AppData\Roaming\Microsoft\Windows\Start Menu\Programs\Python 3.9;C:\MinGW\bin\gcc.exe;C:\Program Files\JetBrains\PyCharm 2022.2\bin;;;C:\Program Files\JetBrains\IntelliJ IDEA 2020.1.4\bin;;C:\Program Files\Azure Data Studio\bin;C:\Users\wasiq\AppData\Local\Microsoft\WindowsApps
USERNAME=wasiq
OS=Windows_NT
PROCESSOR_IDENTIFIER=Intel64 Family 6 Model 126 Stepping 5, GenuineIntel
TMP=C:\Users\wasiq\AppData\Local\Temp
TEMP=C:\Users\wasiq\AppData\Local\Temp




---------------  S Y S T E M  ---------------

OS:
 Windows 11 , 64 bit Build 22621 (10.0.22621.2506)
OS uptime: 4 days 7:09 hours
Hyper-V role detected

CPU: total 8 (initial active 8) (4 cores per cpu, 2 threads per core) family 6 model 126 stepping 5 microcode 0xc2, cx8, cmov, fxsr, ht, mmx, 3dnowpref, sse, sse2, sse3, ssse3, sse4.1, sse4.2, popcnt, lzcnt, tsc, tscinvbit, avx, avx2, aes, erms, clmul, bmi1, bmi2, adx, avx512f, avx512dq, avx512cd, avx512bw, avx512vl, sha, fma, vzeroupper, avx512_vpopcntdq, avx512_vpclmulqdq, avx512_vaes, avx512_vnni, clflush, clflushopt, avx512_vbmi2, avx512_vbmi, hv, rdtscp, rdpid, fsrm, gfni, avx512_bitalg, f16c, avx512_ifma

Memory: 4k page, system-wide physical 12055M (1093M free)
TotalPageFile size 21025M (AvailPageFile size 185M)
current process WorkingSet (physical memory assigned to process): 11M, peak: 11M
current process commit charge ("private bytes"): 60M, peak: 250M

vm_info: Java HotSpot(TM) 64-Bit Server VM (20+36-2344) for windows-amd64 JRE (20+36-2344), built on 2023-02-10T19:30:15Z by "mach5one" with MS VC++ 17.1 (VS2022)

END.
